GROUP,PACKAGE,CLASS,INSTRUCTION_MISSED,INSTRUCTION_COVERED,BRANCH_MISSED,BRANCH_COVERED,LINE_MISSED,LINE_COVERED,COMPLEXITY_MISSED,COMPLEXITY_COVERED,METHOD_MISSED,METHOD_COVERED
mybatis2,com.ibatis.common.util,PaginatedArrayList,171,203,1,25,52,46,25,26,24,14
mybatis2,com.ibatis.sqlmap.engine.cache.lru,LruCacheController,8,100,1,7,4,28,3,9,2,6
mybatis2,com.ibatis.sqlmap.engine.transaction,TransactionState,0,20,0,0,0,6,0,2,0,2
mybatis2,com.ibatis.sqlmap.engine.transaction,TransactionManager,16,136,4,20,0,44,4,14,0,6
mybatis2,com.ibatis.sqlmap.engine.transaction,BaseTransactionConfig,7,17,0,0,4,7,3,5,3,5
mybatis2,com.ibatis.sqlmap.engine.transaction,TransactionException,12,4,0,0,6,2,3,1,3,1
mybatis2,com.ibatis.sqlmap.engine.transaction,IsolationLevel,17,24,4,2,4,9,3,4,0,4
mybatis2,com.ibatis.common.jdbc,SimpleDataSource,1011,563,85,59,170,130,85,28,30,11
mybatis2,com.ibatis.common.jdbc,SimpleDataSource.SimplePooledConnection,227,144,12,10,59,39,50,19,41,17
mybatis2,com.ibatis.common.jdbc,DbcpConfiguration,265,0,38,0,65,0,26,0,7,0
mybatis2,com.ibatis.common.jdbc,ScriptRunner,257,225,30,26,57,71,25,15,3,9
mybatis2,com.ibatis.common.xml,NodeletParser,97,219,1,9,21,59,3,13,2,9
mybatis2,com.ibatis.common.xml,NodeletUtils,9,137,4,12,3,32,6,8,2,4
mybatis2,com.ibatis.common.xml,NodeletException,16,0,0,0,8,0,4,0,4,0
mybatis2,com.ibatis.common.xml,NodeletParser.new ErrorHandler() {...},11,0,0,0,4,0,4,0,4,0
mybatis2,com.ibatis.common.xml,NodeletParser.new ErrorHandler() {...},5,6,0,0,3,1,3,1,3,1
mybatis2,com.ibatis.common.xml,NodeletParser.Path,25,59,2,4,5,13,2,6,1,4
mybatis2,com.ibatis.sqlmap.engine.mapping.sql,SqlText,0,45,0,2,0,12,0,9,0,8
mybatis2,com.ibatis.sqlmap.engine.mapping.parameter,InlineParameterMapParser,217,395,23,45,41,109,17,24,0,7
mybatis2,com.ibatis.sqlmap.engine.mapping.parameter,ParameterMap,62,275,11,25,13,68,15,23,5,15
mybatis2,com.ibatis.sqlmap.engine.mapping.parameter,ParameterMapping,42,135,6,10,9,44,10,23,5,20
mybatis2,com.ibatis.sqlmap.engine.mapping.parameter,NoParameterMap,15,0,0,0,6,0,4,0,4,0
mybatis2,com.ibatis.sqlmap.client,SqlMapException,12,4,0,0,6,2,3,1,3,1
mybatis2,com.ibatis.sqlmap.client,SqlMapClientBuilder,16,13,0,0,4,2,3,2,3,2
mybatis2,com.ibatis.sqlmap.engine.mapping.statement,MappedStatement,132,595,3,29,22,156,7,50,4,37
mybatis2,com.ibatis.sqlmap.engine.mapping.statement,DefaultRowHandler,0,21,0,0,0,7,0,4,0,4
mybatis2,com.ibatis.sqlmap.engine.mapping.statement,InsertStatement,17,10,0,0,4,4,4,3,4,3
mybatis2,com.ibatis.sqlmap.engine.mapping.statement,SelectKeyStatement,10,17,0,0,2,7,2,5,2,5
mybatis2,com.ibatis.sqlmap.engine.mapping.statement,DeleteStatement,17,3,0,0,4,1,4,1,4,1
mybatis2,com.ibatis.sqlmap.engine.mapping.statement,ProcedureStatement,24,22,2,0,5,5,3,3,2,3
mybatis2,com.ibatis.sqlmap.engine.mapping.statement,UpdateStatement,17,3,0,0,4,1,4,1,4,1
mybatis2,com.ibatis.sqlmap.engine.mapping.statement,CachingStatement,77,120,4,8,21,31,18,9,14,7
mybatis2,com.ibatis.sqlmap.engine.mapping.statement,RowHandlerCallback,14,92,1,7,2,26,1,7,0,4
mybatis2,com.ibatis.sqlmap.engine.mapping.statement,SelectStatement,7,3,0,0,2,1,2,1,2,1
mybatis2,com.ibatis.sqlmap.engine.mapping.statement,StatementType,28,0,0,0,8,0,2,0,2,0
mybatis2,com.ibatis.sqlmap.engine.mapping.statement,PaginatedDataList,178,321,8,22,34,67,30,24,26,13
mybatis2,com.ibatis.common.logging.jdk14,Jdk14LoggingImpl,38,0,0,0,12,0,6,0,6,0
mybatis2,com.ibatis.sqlmap.engine.mapping.sql.dynamic.elements,IsNotEmptyTagHandler,0,13,0,2,0,2,0,3,0,2
mybatis2,com.ibatis.sqlmap.engine.mapping.sql.dynamic.elements,RemoveFirstPrependMarker,0,19,0,0,0,8,0,4,0,4
mybatis2,com.ibatis.sqlmap.engine.mapping.sql.dynamic.elements,IsEqualTagHandler,0,15,0,2,0,2,0,3,0,2
mybatis2,com.ibatis.sqlmap.engine.mapping.sql.dynamic.elements,SqlTag,3,149,3,15,1,45,4,35,1,29
mybatis2,com.ibatis.sqlmap.engine.mapping.sql.dynamic.elements,IsParameterPresentTagHandler,0,9,0,2,0,2,0,3,0,2
mybatis2,com.ibatis.sqlmap.engine.mapping.sql.dynamic.elements,IsGreaterEqualTagHandler,0,21,1,3,0,3,1,3,0,2
mybatis2,com.ibatis.sqlmap.engine.mapping.sql.dynamic.elements,SqlTagHandlerFactory,3,122,0,0,2,19,1,2,1,2
mybatis2,com.ibatis.sqlmap.engine.mapping.sql.dynamic.elements,SqlTagContext,17,218,7,21,2,49,7,23,1,15
mybatis2,com.ibatis.sqlmap.engine.mapping.sql.dynamic.elements,IsLessEqualTagHandler,0,21,1,3,0,3,1,3,0,2
mybatis2,com.ibatis.sqlmap.engine.mapping.sql.dynamic.elements,DynamicTagHandler,0,8,0,0,0,3,0,2,0,2
mybatis2,com.ibatis.sqlmap.engine.mapping.sql.dynamic.elements,IterateContext,32,303,6,24,10,70,10,31,5,21
mybatis2,com.ibatis.sqlmap.engine.mapping.sql.dynamic.elements,IsPropertyAvailableTagHandler,2,60,1,7,1,15,1,6,0,3
mybatis2,com.ibatis.sqlmap.engine.mapping.sql.dynamic.elements,IsNotPropertyAvailableTagHandler,0,13,0,2,0,2,0,3,0,2
mybatis2,com.ibatis.sqlmap.engine.mapping.sql.dynamic.elements,IsNullTagHandler,0,31,0,6,0,9,0,6,0,3
mybatis2,com.ibatis.sqlmap.engine.mapping.sql.dynamic.elements,IsEmptyTagHandler,20,43,9,11,3,10,6,7,0,3
mybatis2,com.ibatis.sqlmap.engine.mapping.sql.dynamic.elements,IsNotEqualTagHandler,0,13,0,2,0,2,0,3,0,2
mybatis2,com.ibatis.sqlmap.engine.mapping.sql.dynamic.elements,IsNotNullTagHandler,0,13,0,2,0,2,0,3,0,2
mybatis2,com.ibatis.sqlmap.engine.mapping.sql.dynamic.elements,IsNotParameterPresentTagHandler,10,3,2,0,1,1,2,1,1,1
mybatis2,com.ibatis.sqlmap.engine.mapping.sql.dynamic.elements,BaseTagHandler,5,65,2,18,2,14,3,11,1,3
mybatis2,com.ibatis.sqlmap.engine.mapping.sql.dynamic.elements,ConditionalTagHandler,68,237,28,56,19,59,27,23,0,8
mybatis2,com.ibatis.sqlmap.engine.mapping.sql.dynamic.elements,IterateTagHandler,14,191,5,41,4,48,6,23,1,5
mybatis2,com.ibatis.sqlmap.engine.mapping.sql.dynamic.elements,IsLessThanTagHandler,0,21,1,3,0,3,1,3,0,2
mybatis2,com.ibatis.sqlmap.engine.mapping.sql.dynamic.elements,IsGreaterThanTagHandler,0,21,1,3,0,3,1,3,0,2
mybatis2,com.ibatis.sqlmap.engine.transaction.jta,JtaTransactionConfig,55,0,0,0,13,0,5,0,5,0
mybatis2,com.ibatis.sqlmap.engine.transaction.jta,JtaTransaction,193,0,32,0,57,0,23,0,7,0
mybatis2,com.ibatis.sqlmap.engine.mapping.sql.dynamic,DynamicSql,33,408,12,46,8,101,12,29,1,11
mybatis2,com.ibatis.sqlmap.engine.cache.oscache,OSCacheController,87,0,2,0,27,0,8,0,7,0
mybatis2,com.ibatis.common.jdbc.exception,RuntimeSQLException,63,0,8,0,24,0,12,0,8,0
mybatis2,com.ibatis.common.jdbc.exception,NestedSQLException,31,18,0,0,12,6,5,2,5,2
mybatis2,com.ibatis.sqlmap.engine.impl,SqlMapExecutorDelegate,208,891,19,45,30,243,25,75,8,60
mybatis2,com.ibatis.sqlmap.engine.impl,SqlMapClientImpl,77,226,4,4,14,60,11,37,8,36
mybatis2,com.ibatis.sqlmap.engine.impl,SqlMapSessionImpl,73,238,6,6,15,54,18,27,12,27
mybatis2,com.ibatis.common.logging.jakarta,JakartaCommonsLoggingImpl,16,16,0,0,6,6,3,3,3,3
mybatis2,com.ibatis.sqlmap.engine.execution,DefaultSqlExecutor.Batch,18,247,3,15,2,54,4,11,1,5
mybatis2,com.ibatis.sqlmap.engine.execution,BatchResult,0,22,0,0,0,9,0,5,0,5
mybatis2,com.ibatis.sqlmap.engine.execution,DefaultSqlExecutor,448,650,51,55,89,191,40,42,6,23
mybatis2,com.ibatis.sqlmap.engine.execution,BatchException,6,23,0,0,2,8,2,3,2,3
mybatis2,com.ibatis.sqlmap.engine.accessplan,MapAccessPlan,56,0,4,0,11,0,5,0,3,0
mybatis2,com.ibatis.sqlmap.engine.accessplan,AccessPlanFactory,45,61,4,12,14,16,6,7,2,3
mybatis2,com.ibatis.sqlmap.engine.accessplan,PropertyAccessPlan,30,110,0,4,4,24,0,6,0,4
mybatis2,com.ibatis.sqlmap.engine.accessplan,EnhancedPropertyAccessPlan,29,0,0,0,7,0,3,0,3,0
mybatis2,com.ibatis.sqlmap.engine.accessplan,BaseAccessPlan,71,59,6,4,12,13,6,5,3,3
mybatis2,com.ibatis.sqlmap.engine.accessplan,ComplexAccessPlan,0,54,0,4,0,10,0,6,0,4
mybatis2,com.ibatis.common.logging,LogFactory,58,42,0,2,16,12,3,4,3,3
mybatis2,com.ibatis.sqlmap.engine.mapping.sql.simple,SimpleDynamicSql,21,115,5,15,3,33,5,13,0,8
mybatis2,com.ibatis.sqlmap.engine.cache.fifo,FifoCacheController,8,86,1,5,4,24,3,8,2,6
mybatis2,com.ibatis.common.resources,Resources,95,143,7,13,28,47,15,17,9,13
mybatis2,com.ibatis.sqlmap.engine.mapping.result,XmlList,148,0,2,0,33,0,26,0,25,0
mybatis2,com.ibatis.sqlmap.engine.mapping.result,ResultObjectFactoryUtil.FactorySettings,0,17,0,0,0,7,0,5,0,5
mybatis2,com.ibatis.sqlmap.engine.mapping.result,AutoResultMap,76,361,3,29,11,88,3,22,0,9
mybatis2,com.ibatis.sqlmap.engine.mapping.result,ResultMapping,6,89,0,0,2,33,2,21,2,21
mybatis2,com.ibatis.sqlmap.engine.mapping.result,Discriminator,4,67,2,6,2,19,3,7,1,5
mybatis2,com.ibatis.sqlmap.engine.mapping.result,ResultMap,262,865,41,101,46,228,38,70,4,33
mybatis2,com.ibatis.sqlmap.engine.mapping.result,ResultObjectFactoryUtil,9,110,4,16,4,33,5,12,1,6
mybatis2,com.ibatis.sqlmap.engine.mapping.sql.raw,RawSql,15,9,0,0,3,4,3,2,3,2
mybatis2,com.ibatis.sqlmap.engine.cache,CacheKey,61,153,8,12,20,33,10,9,3,6
mybatis2,com.ibatis.sqlmap.engine.cache,CacheModel,157,231,18,18,32,69,21,22,7,18
mybatis2,com.ibatis.sqlmap.engine.exchange,JavaBeanDataExchange,85,160,13,17,20,39,11,11,2,5
mybatis2,com.ibatis.sqlmap.engine.exchange,PrimitiveDataExchange,4,30,0,2,1,9,1,5,1,4
mybatis2,com.ibatis.sqlmap.engine.exchange,BaseDataExchange,0,39,0,4,0,10,0,5,0,3
mybatis2,com.ibatis.sqlmap.engine.exchange,ComplexDataExchange,51,143,5,17,9,36,5,12,0,6
mybatis2,com.ibatis.sqlmap.engine.exchange,DomDataExchange,49,87,7,9,9,23,5,8,1,4
mybatis2,com.ibatis.sqlmap.engine.exchange,ListDataExchange,101,86,7,7,17,20,6,6,2,3
mybatis2,com.ibatis.sqlmap.engine.exchange,DataExchangeFactory,0,87,0,10,0,22,0,8,0,3
mybatis2,com.ibatis.sqlmap.engine.exchange,MapDataExchange,132,0,22,0,30,0,16,0,5,0
mybatis2,com.ibatis.common.logging.log4j,Log4jImpl,32,0,0,0,12,0,6,0,6,0
mybatis2,com.ibatis.sqlmap.engine.scope,StatementScope,0,109,0,4,0,41,0,25,0,23
mybatis2,com.ibatis.sqlmap.engine.scope,SessionScope,48,169,9,7,14,59,9,30,3,28
mybatis2,com.ibatis.sqlmap.engine.scope,ErrorContext,12,122,3,7,4,38,7,11,4,9
mybatis2,com.ibatis.common.jdbc.logging,StatementLogProxy,152,0,20,0,32,0,15,0,5,0
mybatis2,com.ibatis.common.jdbc.logging,BaseLogProxy,310,0,4,0,76,0,12,0,10,0
mybatis2,com.ibatis.common.jdbc.logging,ConnectionLogProxy,179,0,12,0,31,0,11,0,5,0
mybatis2,com.ibatis.common.jdbc.logging,PreparedStatementLogProxy,223,0,24,0,41,0,17,0,5,0
mybatis2,com.ibatis.common.jdbc.logging,ResultSetLogProxy,153,0,20,0,30,0,15,0,5,0
mybatis2,com.ibatis.sqlmap.engine.transaction.user,UserProvidedTransaction,17,16,1,1,7,6,4,3,3,3
mybatis2,com.ibatis.common.logging.nologging,NoLoggingImpl,9,0,0,0,7,0,6,0,6,0
mybatis2,com.ibatis.sqlmap.engine.config,SqlMapConfiguration,79,468,11,27,14,116,9,37,0,27
mybatis2,com.ibatis.sqlmap.engine.config,ResultMapConfig,52,352,13,31,10,78,10,16,0,4
mybatis2,com.ibatis.sqlmap.engine.config,CacheModelConfig,22,135,2,2,4,33,3,4,1,4
mybatis2,com.ibatis.sqlmap.engine.config,MappedStatementConfig,100,468,20,36,18,112,16,19,1,6
mybatis2,com.ibatis.sqlmap.engine.config,ParameterMapConfig,21,173,4,6,3,36,3,4,0,2
mybatis2,com.ibatis.sqlmap.engine.mapping.sql.stat,StaticSql,0,22,0,0,0,7,0,5,0,5
mybatis2,com.ibatis.sqlmap.engine.builder.xml,SqlMapParser.new Nodelet() {...},20,38,2,2,2,7,2,2,0,2
mybatis2,com.ibatis.sqlmap.engine.builder.xml,SqlMapParser.new Nodelet() {...},0,30,0,0,0,6,0,2,0,2
mybatis2,com.ibatis.sqlmap.engine.builder.xml,SqlMapParser.new Nodelet() {...},0,21,0,0,0,4,0,2,0,2
mybatis2,com.ibatis.sqlmap.engine.builder.xml,SqlMapParser.new Nodelet() {...},0,42,0,0,0,7,0,2,0,2
mybatis2,com.ibatis.sqlmap.engine.builder.xml,SqlMapParser.new Nodelet() {...},0,24,0,0,0,5,0,2,0,2
mybatis2,com.ibatis.sqlmap.engine.builder.xml,SqlMapParser.new Nodelet() {...},0,100,2,10,0,20,2,6,0,2
mybatis2,com.ibatis.sqlmap.engine.builder.xml,SqlMapParser.new Nodelet() {...},0,16,0,0,0,3,0,2,0,2
mybatis2,com.ibatis.sqlmap.engine.builder.xml,SqlMapParser.new Nodelet() {...},28,58,4,4,5,10,4,2,0,2
mybatis2,com.ibatis.sqlmap.engine.builder.xml,SqlMapParser.new Nodelet() {...},0,26,0,0,0,5,0,2,0,2
mybatis2,com.ibatis.sqlmap.engine.builder.xml,SqlMapClasspathEntityResolver,8,108,0,8,3,29,0,8,0,4
mybatis2,com.ibatis.sqlmap.engine.builder.xml,SqlMapConfigParser.new Nodelet() {...},0,12,0,0,0,3,0,2,0,2
mybatis2,com.ibatis.sqlmap.engine.builder.xml,SqlMapParser.new Nodelet() {...},0,15,0,0,0,3,0,2,0,2
mybatis2,com.ibatis.sqlmap.engine.builder.xml,SqlMapParser.new Nodelet() {...},0,15,0,0,0,3,0,2,0,2
mybatis2,com.ibatis.sqlmap.engine.builder.xml,SqlMapParser.new Nodelet() {...},0,15,0,0,0,3,0,2,0,2
mybatis2,com.ibatis.sqlmap.engine.builder.xml,SqlMapConfigParser,50,168,2,2,10,41,3,12,2,11
mybatis2,com.ibatis.sqlmap.engine.builder.xml,SqlMapConfigParser.new Nodelet() {...},16,143,14,12,0,32,12,3,0,2
mybatis2,com.ibatis.sqlmap.engine.builder.xml,SqlMapConfigParser.new Nodelet() {...},0,28,0,0,0,6,0,2,0,2
mybatis2,com.ibatis.sqlmap.engine.builder.xml,SqlMapConfigParser.new Nodelet() {...},0,52,0,0,0,9,0,2,0,2
mybatis2,com.ibatis.sqlmap.engine.builder.xml,SqlMapConfigParser.new Nodelet() {...},0,30,0,0,0,6,0,2,0,2
mybatis2,com.ibatis.sqlmap.engine.builder.xml,SqlMapConfigParser.new Nodelet() {...},20,97,2,0,4,18,1,2,0,2
mybatis2,com.ibatis.sqlmap.engine.builder.xml,SqlMapConfigParser.new Nodelet() {...},29,6,0,0,5,1,1,1,1,1
mybatis2,com.ibatis.sqlmap.engine.builder.xml,SqlMapConfigParser.new Nodelet() {...},20,73,2,0,4,14,1,2,0,2
mybatis2,com.ibatis.sqlmap.engine.builder.xml,SqlMapConfigParser.new Nodelet() {...},0,35,0,0,0,6,0,2,0,2
mybatis2,com.ibatis.sqlmap.engine.builder.xml,XmlParserState,58,204,7,11,13,56,6,26,0,23
mybatis2,com.ibatis.sqlmap.engine.builder.xml,SqlStatementParser,27,305,4,26,3,63,4,15,0,4
mybatis2,com.ibatis.sqlmap.engine.builder.xml,XMLSqlSource,28,285,5,25,4,66,4,15,0,4
mybatis2,com.ibatis.sqlmap.engine.builder.xml,SqlMapParser,5,230,0,0,2,45,1,9,1,9
mybatis2,com.ibatis.sqlmap.engine.builder.xml,SqlMapConfigParser.new Nodelet() {...},14,36,0,0,2,8,0,2,0,2
mybatis2,com.ibatis.sqlmap.engine.builder.xml,SqlMapConfigParser.new Nodelet() {...},0,36,0,0,0,6,0,2,0,2
mybatis2,com.ibatis.sqlmap.engine.builder.xml,SqlMapConfigParser.new Nodelet() {...},60,56,8,2,14,12,5,2,0,2
mybatis2,com.ibatis.sqlmap.engine.builder.xml,SqlMapParser.new Nodelet() {...},18,106,2,6,3,24,2,4,0,2
mybatis2,com.ibatis.sqlmap.engine.builder.xml,SqlMapParser.new Nodelet() {...},0,21,0,0,0,4,0,2,0,2
mybatis2,com.ibatis.sqlmap.engine.builder.xml,SqlMapParser.new Nodelet() {...},14,77,0,0,2,14,0,2,0,2
mybatis2,com.ibatis.sqlmap.engine.builder.xml,SqlMapParser.new Nodelet() {...},41,140,2,8,6,33,2,5,0,2
mybatis2,com.ibatis.sqlmap.engine.builder.xml,SqlMapParser.new Nodelet() {...},14,56,0,0,2,11,0,2,0,2
mybatis2,com.ibatis.sqlmap.engine.builder.xml,SqlMapParser.new Nodelet() {...},0,15,0,0,0,3,0,2,0,2
mybatis2,com.ibatis.sqlmap.engine.builder.xml,SqlMapParser.new Nodelet() {...},0,35,0,0,0,7,0,2,0,2
mybatis2,com.ibatis.sqlmap.engine.builder.xml,SqlMapParser.new Nodelet() {...},61,100,6,4,10,25,5,2,0,2
mybatis2,com.ibatis.sqlmap.engine.builder.xml,SqlMapParser.new Nodelet() {...},0,15,0,0,0,3,0,2,0,2
mybatis2,com.ibatis.sqlmap.engine.builder.xml,SqlMapParser.new Nodelet() {...},0,15,0,0,0,3,0,2,0,2
mybatis2,com.ibatis.common.beans,SetFieldInvoker,3,28,0,0,1,6,1,2,1,2
mybatis2,com.ibatis.common.beans,ClassInfo,209,954,28,98,26,223,30,66,2,31
mybatis2,com.ibatis.common.beans,GenericProbe,163,163,30,28,40,44,28,15,5,9
mybatis2,com.ibatis.common.beans,GetFieldInvoker,3,24,0,0,1,5,1,2,1,2
mybatis2,com.ibatis.common.beans,ComplexBeanProbe,198,484,16,56,40,131,15,35,3,11
mybatis2,com.ibatis.common.beans,MethodInvoker,0,22,0,0,0,7,0,4,0,4
mybatis2,com.ibatis.common.beans,ProbeException,7,9,0,0,4,4,2,2,2,2
mybatis2,com.ibatis.common.beans,DomProbe,383,295,44,32,78,75,38,18,9,8
mybatis2,com.ibatis.common.beans,ProbeFactory,3,22,0,2,1,7,1,4,1,3
mybatis2,com.ibatis.common.beans,BaseProbe,346,178,39,25,57,42,26,10,1,3
mybatis2,com.ibatis.sqlmap.engine.transaction.jdbc,JdbcTransaction,24,85,4,12,3,29,4,11,0,7
mybatis2,com.ibatis.sqlmap.engine.transaction.jdbc,JdbcTransactionConfig,0,11,0,0,0,3,0,3,0,3
mybatis2,com.ibatis.sqlmap.engine.datasource,JndiDataSourceFactory,147,0,18,0,32,0,13,0,4,0
mybatis2,com.ibatis.sqlmap.engine.datasource,SimpleDataSourceFactory,0,13,0,0,0,4,0,3,0,3
mybatis2,com.ibatis.sqlmap.engine.datasource,DbcpDataSourceFactory,16,0,0,0,5,0,3,0,3,0
mybatis2,com.ibatis.sqlmap.engine.type,FloatTypeHandler,52,3,6,0,15,1,8,1,5,1
mybatis2,com.ibatis.sqlmap.engine.type,ByteTypeHandler,52,3,6,0,15,1,8,1,5,1
mybatis2,com.ibatis.sqlmap.engine.type,ShortTypeHandler,52,3,6,0,15,1,8,1,5,1
mybatis2,com.ibatis.sqlmap.engine.type,ByteArrayTypeHandler,43,3,6,0,15,1,8,1,5,1
mybatis2,com.ibatis.sqlmap.engine.type,DateOnlyTypeHandler,59,3,6,0,15,1,8,1,5,1
mybatis2,com.ibatis.sqlmap.engine.type,JdbcTypeRegistry,3,164,0,4,2,56,1,6,1,4
mybatis2,com.ibatis.sqlmap.engine.type,BooleanTypeHandler,46,3,6,0,15,1,8,1,5,1
mybatis2,com.ibatis.sqlmap.engine.type,SqlDateTypeHandler,43,3,6,0,15,1,8,1,5,1
mybatis2,com.ibatis.sqlmap.engine.type,UnknownTypeHandler,51,87,10,6,19,29,10,7,3,6
mybatis2,com.ibatis.sqlmap.engine.type,EnumTypeHandler,43,19,5,1,12,6,7,2,4,2
mybatis2,com.ibatis.sqlmap.engine.type,BlobTypeHandlerCallback,42,3,4,0,13,1,5,1,3,1
mybatis2,com.ibatis.sqlmap.engine.type,CallableStatementResultSet,776,0,0,0,194,0,192,0,192,0
mybatis2,com.ibatis.sqlmap.engine.type,SimpleDateFormatter,27,0,0,0,4,0,2,0,2,0
mybatis2,com.ibatis.sqlmap.engine.type,TypeHandlerFactory,21,464,5,25,2,97,5,20,0,10
mybatis2,com.ibatis.sqlmap.engine.type,BigDecimalTypeHandler,29,18,5,1,10,6,6,3,3,3
mybatis2,com.ibatis.sqlmap.engine.type,StringTypeHandler,22,22,4,2,8,8,4,5,2,4
mybatis2,com.ibatis.sqlmap.engine.type,IntegerTypeHandler,30,25,5,1,9,7,5,4,2,4
mybatis2,com.ibatis.sqlmap.engine.type,BaseTypeHandler,2,20,2,4,0,5,2,3,0,2
mybatis2,com.ibatis.sqlmap.engine.type,ResultGetterImpl,355,27,44,2,73,8,49,3,26,3
mybatis2,com.ibatis.sqlmap.engine.type,SqlTimeTypeHandler,43,3,6,0,15,1,8,1,5,1
mybatis2,com.ibatis.sqlmap.engine.type,DateTypeHandler,46,16,5,1,12,4,7,2,4,2
mybatis2,com.ibatis.sqlmap.engine.type,CustomTypeHandler,30,29,0,0,5,8,3,3,3,3
mybatis2,com.ibatis.sqlmap.engine.type,ClobTypeHandlerCallback,42,3,4,0,15,1,5,1,3,1
mybatis2,com.ibatis.sqlmap.engine.type,TypeHandlerFactory.new HashMap() {...},0,38,0,0,0,9,0,1,0,1
mybatis2,com.ibatis.sqlmap.engine.type,SqlTimestampTypeHandler,43,3,6,0,15,1,8,1,5,1
mybatis2,com.ibatis.sqlmap.engine.type,DoubleTypeHandler,52,3,6,0,15,1,8,1,5,1
mybatis2,com.ibatis.sqlmap.engine.type,ObjectTypeHandler,29,14,4,2,11,5,6,3,4,2
mybatis2,com.ibatis.sqlmap.engine.type,ParameterSetterImpl,204,23,0,0,56,8,29,3,29,3
mybatis2,com.ibatis.sqlmap.engine.type,TimeOnlyTypeHandler,59,3,6,0,15,1,8,1,5,1
mybatis2,com.ibatis.sqlmap.engine.type,LongTypeHandler,52,3,6,0,15,1,8,1,5,1
mybatis2,com.ibatis.sqlmap.engine.cache.memory,MemoryCacheController,52,97,14,12,12,31,14,7,2,6
mybatis2,com.ibatis.sqlmap.engine.cache.memory,MemoryCacheController.StrongReference,9,0,0,0,4,0,2,0,2,0
mybatis2,com.ibatis.sqlmap.engine.cache.memory,MemoryCacheLevel,26,44,2,0,5,11,3,2,2,2
mybatis2,com.ibatis.sqlmap.engine.transaction.external,ExternalTransactionConfig,59,0,4,0,15,0,9,0,7,0
mybatis2,com.ibatis.sqlmap.engine.transaction.external,ExternalTransaction,109,0,14,0,31,0,14,0,7,0
mybatis2,com.ibatis.common.io,ReaderInputStream,48,131,8,10,9,31,7,9,2,5
mybatis2,com.ibatis.sqlmap.engine.mapping.result.loader,EnhancedLazyResultLoader.EnhancedLazyResultLoaderImpl,49,57,6,6,7,14,5,4,0,3
mybatis2,com.ibatis.sqlmap.engine.mapping.result.loader,ResultLoader,46,85,6,10,12,23,6,6,1,3
mybatis2,com.ibatis.sqlmap.engine.mapping.result.loader,LazyResultLoader,32,107,6,6,7,23,5,6,0,5
mybatis2,com.ibatis.sqlmap.engine.mapping.result.loader,EnhancedLazyResultLoader,0,32,0,0,0,6,0,3,0,3
